2019-11-22 17:01:35,113 [main] INFO  org.eclipse.jetty.util.log - Logging initialized @10494927ms
2019-11-22 17:01:35,570 [main] INFO  org.eclipse.jetty.server.Server - jetty-9.3.9.v20160517
2019-11-22 17:01:35,690 [main] INFO  o.e.j.server.handler.ContextHandler - Started o.e.j.s.ServletContextHandler@4e21ac52{/wse,null,AVAILABLE}
2019-11-22 17:01:35,719 [main] INFO  o.e.jetty.server.AbstractConnector - Started ServerConnector@4ee3ae56{HTTP/1.1,[http/1.1]}{0.0.0.0:52650}
2019-11-22 17:01:35,719 [main] INFO  org.eclipse.jetty.server.Server - Started @10495569ms
2019-11-22 17:01:37,061 [qtp351839964-1318] WARN  o.e.jetty.servlet.ServletHandler - 
org.apache.jasper.JasperException: PWC6033: Error in Javac compilation for JSP
	at org.apache.jasper.JspCompilationContext.compile(JspCompilationContext.java:634) ~[na:na]
	at org.apache.jasper.servlet.JspServletWrapper.service(JspServletWrapper.java:374) ~[na:na]
	at org.apache.jasper.servlet.JspServlet.serviceJspFile(JspServlet.java:492) ~[na:na]
	at org.apache.jasper.servlet.JspServlet.service(JspServlet.java:378) ~[na:na]
	at javax.servlet.http.HttpServlet.service(HttpServlet.java:790) ~[javax.servlet_3.1.0.v201410161800.jar:3.1.0]
	at org.eclipse.equinox.jsp.jasper.JspServlet.service(JspServlet.java:155) ~[na:na]
	at javax.servlet.http.HttpServlet.service(HttpServlet.java:790) ~[javax.servlet_3.1.0.v201410161800.jar:3.1.0]
	at org.eclipse.equinox.http.registry.internal.ServletManager$ServletWrapper.service(ServletManager.java:180) ~[na:na]
	at org.eclipse.equinox.http.servlet.internal.HttpServiceRuntimeImpl$LegacyServlet.service(HttpServiceRuntimeImpl.java:1221) ~[na:na]
	at org.eclipse.equinox.http.servlet.internal.registration.EndpointRegistration.service(EndpointRegistration.java:153) ~[na:na]
	at org.eclipse.equinox.http.servlet.internal.servlet.ResponseStateHandler.processRequest(ResponseStateHandler.java:62) ~[na:na]
	at org.eclipse.equinox.http.servlet.internal.context.DispatchTargets.doDispatch(DispatchTargets.java:132) ~[na:na]
	at org.eclipse.equinox.http.servlet.internal.servlet.ProxyServlet.service(ProxyServlet.java:100) ~[na:na]
	at javax.servlet.http.HttpServlet.service(HttpServlet.java:790) ~[javax.servlet_3.1.0.v201410161800.jar:3.1.0]
	at org.eclipse.equinox.http.jetty.internal.HttpServerManager$InternalHttpServiceServlet.service(HttpServerManager.java:310) ~[org.eclipse.equinox.http.jetty_3.3.0.v20160324-1850.jar:na]
	at org.eclipse.jetty.servlet.ServletHolder.handle(ServletHolder.java:845) ~[org.eclipse.jetty.servlet_9.3.9.v20160517.jar:9.3.9.v20160517]
	at org.eclipse.jetty.servlet.ServletHandler.doHandle(ServletHandler.java:583) [org.eclipse.jetty.servlet_9.3.9.v20160517.jar:9.3.9.v20160517]
	at org.eclipse.jetty.server.session.SessionHandler.doHandle(SessionHandler.java:224) [org.eclipse.jetty.server_9.3.9.v20160517.jar:9.3.9.v20160517]
	at org.eclipse.jetty.server.handler.ContextHandler.doHandle(ContextHandler.java:1174) [org.eclipse.jetty.server_9.3.9.v20160517.jar:9.3.9.v20160517]
	at org.eclipse.jetty.servlet.ServletHandler.doScope(ServletHandler.java:511) [org.eclipse.jetty.servlet_9.3.9.v20160517.jar:9.3.9.v20160517]
	at org.eclipse.jetty.server.session.SessionHandler.doScope(SessionHandler.java:185) [org.eclipse.jetty.server_9.3.9.v20160517.jar:9.3.9.v20160517]
	at org.eclipse.jetty.server.handler.ContextHandler.doScope(ContextHandler.java:1106) [org.eclipse.jetty.server_9.3.9.v20160517.jar:9.3.9.v20160517]
	at org.eclipse.jetty.server.handler.ScopedHandler.handle(ScopedHandler.java:141) [org.eclipse.jetty.server_9.3.9.v20160517.jar:9.3.9.v20160517]
	at org.eclipse.jetty.server.handler.HandlerWrapper.handle(HandlerWrapper.java:134) [org.eclipse.jetty.server_9.3.9.v20160517.jar:9.3.9.v20160517]
	at org.eclipse.jetty.server.Server.handle(Server.java:524) [org.eclipse.jetty.server_9.3.9.v20160517.jar:9.3.9.v20160517]
	at org.eclipse.jetty.server.HttpChannel.handle(HttpChannel.java:319) [org.eclipse.jetty.server_9.3.9.v20160517.jar:9.3.9.v20160517]
	at org.eclipse.jetty.server.HttpConnection.onFillable(HttpConnection.java:253) [org.eclipse.jetty.server_9.3.9.v20160517.jar:9.3.9.v20160517]
	at org.eclipse.jetty.io.AbstractConnection$ReadCallback.succeeded(AbstractConnection.java:273) [org.eclipse.jetty.io_9.3.9.v20160517.jar:9.3.9.v20160517]
	at org.eclipse.jetty.io.FillInterest.fillable(FillInterest.java:95) [org.eclipse.jetty.io_9.3.9.v20160517.jar:9.3.9.v20160517]
	at org.eclipse.jetty.io.SelectChannelEndPoint$2.run(SelectChannelEndPoint.java:93) [org.eclipse.jetty.io_9.3.9.v20160517.jar:9.3.9.v20160517]
	at org.eclipse.jetty.util.thread.strategy.ExecuteProduceConsume.executeProduceConsume(ExecuteProduceConsume.java:303) [org.eclipse.jetty.util_9.3.9.v20160517.jar:9.3.9.v20160517]
	at org.eclipse.jetty.util.thread.strategy.ExecuteProduceConsume.produceConsume(ExecuteProduceConsume.java:148) [org.eclipse.jetty.util_9.3.9.v20160517.jar:9.3.9.v20160517]
	at org.eclipse.jetty.util.thread.strategy.ExecuteProduceConsume.run(ExecuteProduceConsume.java:136) [org.eclipse.jetty.util_9.3.9.v20160517.jar:9.3.9.v20160517]
	at org.eclipse.jetty.util.thread.QueuedThreadPool.runJob(QueuedThreadPool.java:671) [org.eclipse.jetty.util_9.3.9.v20160517.jar:9.3.9.v20160517]
	at org.eclipse.jetty.util.thread.QueuedThreadPool$2.run(QueuedThreadPool.java:589) [org.eclipse.jetty.util_9.3.9.v20160517.jar:9.3.9.v20160517]
	at java.lang.Thread.run(Unknown Source) [na:1.8.0_92]
Caused by: java.io.IOException: classFile.delete() failed
	at org.apache.jasper.compiler.SmapUtil$SDEInstaller.install(SmapUtil.java:236) ~[na:na]
	at org.apache.jasper.compiler.SmapUtil.installSmap(SmapUtil.java:162) ~[na:na]
	at org.apache.jasper.compiler.Compiler.generateClass(Compiler.java:406) ~[na:na]
	at org.apache.jasper.compiler.Compiler.compile(Compiler.java:453) ~[na:na]
	at org.apache.jasper.JspCompilationContext.compile(JspCompilationContext.java:625) ~[na:na]
	... 35 common frames omitted
2019-11-22 17:01:37,705 [qtp351839964-1321] WARN  o.e.jetty.servlet.ServletHandler - 
org.apache.jasper.JasperException: PWC6033: Error in Javac compilation for JSP
	at org.apache.jasper.JspCompilationContext.compile(JspCompilationContext.java:634) ~[na:na]
	at org.apache.jasper.servlet.JspServletWrapper.service(JspServletWrapper.java:374) ~[na:na]
	at org.apache.jasper.servlet.JspServlet.serviceJspFile(JspServlet.java:492) ~[na:na]
	at org.apache.jasper.servlet.JspServlet.service(JspServlet.java:378) ~[na:na]
	at javax.servlet.http.HttpServlet.service(HttpServlet.java:790) ~[javax.servlet_3.1.0.v201410161800.jar:3.1.0]
	at org.eclipse.equinox.jsp.jasper.JspServlet.service(JspServlet.java:155) ~[na:na]
	at javax.servlet.http.HttpServlet.service(HttpServlet.java:790) ~[javax.servlet_3.1.0.v201410161800.jar:3.1.0]
	at org.eclipse.equinox.http.registry.internal.ServletManager$ServletWrapper.service(ServletManager.java:180) ~[na:na]
	at org.eclipse.equinox.http.servlet.internal.HttpServiceRuntimeImpl$LegacyServlet.service(HttpServiceRuntimeImpl.java:1221) ~[na:na]
	at org.eclipse.equinox.http.servlet.internal.registration.EndpointRegistration.service(EndpointRegistration.java:153) ~[na:na]
	at org.eclipse.equinox.http.servlet.internal.servlet.ResponseStateHandler.processRequest(ResponseStateHandler.java:62) ~[na:na]
	at org.eclipse.equinox.http.servlet.internal.context.DispatchTargets.doDispatch(DispatchTargets.java:132) ~[na:na]
	at org.eclipse.equinox.http.servlet.internal.servlet.ProxyServlet.service(ProxyServlet.java:100) ~[na:na]
	at javax.servlet.http.HttpServlet.service(HttpServlet.java:790) ~[javax.servlet_3.1.0.v201410161800.jar:3.1.0]
	at org.eclipse.equinox.http.jetty.internal.HttpServerManager$InternalHttpServiceServlet.service(HttpServerManager.java:310) ~[org.eclipse.equinox.http.jetty_3.3.0.v20160324-1850.jar:na]
	at org.eclipse.jetty.servlet.ServletHolder.handle(ServletHolder.java:845) ~[org.eclipse.jetty.servlet_9.3.9.v20160517.jar:9.3.9.v20160517]
	at org.eclipse.jetty.servlet.ServletHandler.doHandle(ServletHandler.java:583) [org.eclipse.jetty.servlet_9.3.9.v20160517.jar:9.3.9.v20160517]
	at org.eclipse.jetty.server.session.SessionHandler.doHandle(SessionHandler.java:224) [org.eclipse.jetty.server_9.3.9.v20160517.jar:9.3.9.v20160517]
	at org.eclipse.jetty.server.handler.ContextHandler.doHandle(ContextHandler.java:1174) [org.eclipse.jetty.server_9.3.9.v20160517.jar:9.3.9.v20160517]
	at org.eclipse.jetty.servlet.ServletHandler.doScope(ServletHandler.java:511) [org.eclipse.jetty.servlet_9.3.9.v20160517.jar:9.3.9.v20160517]
	at org.eclipse.jetty.server.session.SessionHandler.doScope(SessionHandler.java:185) [org.eclipse.jetty.server_9.3.9.v20160517.jar:9.3.9.v20160517]
	at org.eclipse.jetty.server.handler.ContextHandler.doScope(ContextHandler.java:1106) [org.eclipse.jetty.server_9.3.9.v20160517.jar:9.3.9.v20160517]
	at org.eclipse.jetty.server.handler.ScopedHandler.handle(ScopedHandler.java:141) [org.eclipse.jetty.server_9.3.9.v20160517.jar:9.3.9.v20160517]
	at org.eclipse.jetty.server.handler.HandlerWrapper.handle(HandlerWrapper.java:134) [org.eclipse.jetty.server_9.3.9.v20160517.jar:9.3.9.v20160517]
	at org.eclipse.jetty.server.Server.handle(Server.java:524) [org.eclipse.jetty.server_9.3.9.v20160517.jar:9.3.9.v20160517]
	at org.eclipse.jetty.server.HttpChannel.handle(HttpChannel.java:319) [org.eclipse.jetty.server_9.3.9.v20160517.jar:9.3.9.v20160517]
	at org.eclipse.jetty.server.HttpConnection.onFillable(HttpConnection.java:253) [org.eclipse.jetty.server_9.3.9.v20160517.jar:9.3.9.v20160517]
	at org.eclipse.jetty.io.AbstractConnection$ReadCallback.succeeded(AbstractConnection.java:273) [org.eclipse.jetty.io_9.3.9.v20160517.jar:9.3.9.v20160517]
	at org.eclipse.jetty.io.FillInterest.fillable(FillInterest.java:95) [org.eclipse.jetty.io_9.3.9.v20160517.jar:9.3.9.v20160517]
	at org.eclipse.jetty.io.SelectChannelEndPoint$2.run(SelectChannelEndPoint.java:93) [org.eclipse.jetty.io_9.3.9.v20160517.jar:9.3.9.v20160517]
	at org.eclipse.jetty.util.thread.strategy.ExecuteProduceConsume.executeProduceConsume(ExecuteProduceConsume.java:303) [org.eclipse.jetty.util_9.3.9.v20160517.jar:9.3.9.v20160517]
	at org.eclipse.jetty.util.thread.strategy.ExecuteProduceConsume.produceConsume(ExecuteProduceConsume.java:148) [org.eclipse.jetty.util_9.3.9.v20160517.jar:9.3.9.v20160517]
	at org.eclipse.jetty.util.thread.strategy.ExecuteProduceConsume.run(ExecuteProduceConsume.java:136) [org.eclipse.jetty.util_9.3.9.v20160517.jar:9.3.9.v20160517]
	at org.eclipse.jetty.util.thread.QueuedThreadPool.runJob(QueuedThreadPool.java:671) [org.eclipse.jetty.util_9.3.9.v20160517.jar:9.3.9.v20160517]
	at org.eclipse.jetty.util.thread.QueuedThreadPool$2.run(QueuedThreadPool.java:589) [org.eclipse.jetty.util_9.3.9.v20160517.jar:9.3.9.v20160517]
	at java.lang.Thread.run(Unknown Source) [na:1.8.0_92]
Caused by: java.io.IOException: tmpFile.renameTo(classFile) failed
	at org.apache.jasper.compiler.SmapUtil$SDEInstaller.install(SmapUtil.java:239) ~[na:na]
	at org.apache.jasper.compiler.SmapUtil.installSmap(SmapUtil.java:162) ~[na:na]
	at org.apache.jasper.compiler.Compiler.generateClass(Compiler.java:406) ~[na:na]
	at org.apache.jasper.compiler.Compiler.compile(Compiler.java:453) ~[na:na]
	at org.apache.jasper.JspCompilationContext.compile(JspCompilationContext.java:625) ~[na:na]
	... 35 common frames omitted
2019-11-22 17:05:47,793 [Worker-103] WARN  o.e.r.models.ModelRepository - Failed to download org.eclipse.recommenders:index::zip:0.0.0
org.eclipse.aether.resolution.ArtifactResolutionException: Could not find artifact org.eclipse.recommenders:index:zip:0.0.0-SNAPSHOT in models (http://download.eclipse.org/recommenders/models/neon/)
	at org.eclipse.aether.internal.impl.DefaultArtifactResolver.resolve(DefaultArtifactResolver.java:444) ~[na:na]
	at org.eclipse.aether.internal.impl.DefaultArtifactResolver.resolveArtifacts(DefaultArtifactResolver.java:246) ~[na:na]
	at org.eclipse.aether.internal.impl.DefaultArtifactResolver.resolveArtifact(DefaultArtifactResolver.java:223) ~[na:na]
	at org.eclipse.aether.internal.impl.DefaultRepositorySystem.resolveArtifact(DefaultRepositorySystem.java:294) ~[na:na]
	at org.eclipse.recommenders.models.ModelRepository.resolveInternal(ModelRepository.java:193) [org.eclipse.recommenders.models_2.4.6.v20170307-1041.jar:na]
	at org.eclipse.recommenders.models.ModelRepository.resolve(ModelRepository.java:172) [org.eclipse.recommenders.models_2.4.6.v20170307-1041.jar:na]
	at org.eclipse.recommenders.internal.models.rcp.EclipseModelRepository.resolve(EclipseModelRepository.java:169) [org.eclipse.recommenders.models.rcp_2.4.6.v20170307-1041.jar:na]
	at org.eclipse.recommenders.internal.models.rcp.DownloadModelArchiveJob.run(DownloadModelArchiveJob.java:76) [org.eclipse.recommenders.models.rcp_2.4.6.v20170307-1041.jar:na]
	at org.eclipse.core.internal.jobs.Worker.run(Worker.java:55) [org.eclipse.core.jobs_3.8.0.v20160509-0411.jar:na]
Caused by: org.eclipse.aether.transfer.ArtifactNotFoundException: Could not find artifact org.eclipse.recommenders:index:zip:0.0.0-SNAPSHOT in models (http://download.eclipse.org/recommenders/models/neon/)
	at org.eclipse.aether.connector.basic.ArtifactTransportListener.transferFailed(ArtifactTransportListener.java:39) ~[org.eclipse.aether.connector.basic_1.0.1.v20141111.jar:na]
	at org.eclipse.aether.connector.basic.BasicRepositoryConnector$TaskRunner.run(BasicRepositoryConnector.java:355) ~[org.eclipse.aether.connector.basic_1.0.1.v20141111.jar:na]
	at org.eclipse.aether.util.concurrency.RunnableErrorForwarder$1.run(RunnableErrorForwarder.java:67) ~[na:na]
	at org.eclipse.aether.connector.basic.BasicRepositoryConnector$DirectExecutor.execute(BasicRepositoryConnector.java:581) ~[org.eclipse.aether.connector.basic_1.0.1.v20141111.jar:na]
	at org.eclipse.aether.connector.basic.BasicRepositoryConnector.get(BasicRepositoryConnector.java:249) ~[org.eclipse.aether.connector.basic_1.0.1.v20141111.jar:na]
	at org.eclipse.aether.internal.impl.DefaultArtifactResolver.performDownloads(DefaultArtifactResolver.java:520) ~[na:na]
	at org.eclipse.aether.internal.impl.DefaultArtifactResolver.resolve(DefaultArtifactResolver.java:421) ~[na:na]
	... 8 common frames omitted
